[2025-12-18 22:27:39] DEBUG Created id for stack "tokens"
[2025-12-18 22:27:39] INFO  Hash updated
[2025-12-18 22:27:39] INFO  Stack "tokens" is created
[2025-12-18 22:27:39] DEBUG PUSH 0x6040000006d0 in "tokens"
[2025-12-18 22:27:39] INFO  Hash is updated
[2025-12-18 22:27:39] DEBUG PUSH 0x604000000710 in "tokens"
[2025-12-18 22:27:39] INFO  Hash is updated
[2025-12-18 22:27:39] DEBUG PUSH 0x604000000790 in "tokens"
[2025-12-18 22:27:39] INFO  Hash is updated
[2025-12-18 22:27:39] DEBUG PUSH 0x6040000007d0 in "tokens"
[2025-12-18 22:27:39] INFO  Hash is updated
[2025-12-18 22:27:39] DEBUG PUSH 0x604000000810 in "tokens"
[2025-12-18 22:27:39] INFO  Hash is updated
[2025-12-18 22:27:39] DEBUG PUSH 0x604000000850 in "tokens"
[2025-12-18 22:27:39] INFO  Hash is updated
[2025-12-18 22:27:39] DEBUG PUSH 0x604000000890 in "tokens"
[2025-12-18 22:27:39] INFO  Hash is updated
[2025-12-18 22:27:39] DEBUG PUSH 0x6040000008d0 in "tokens"
[2025-12-18 22:27:39] INFO  Hash is updated
[2025-12-18 22:27:39] INFO  Stack "tokens" is reallocated
[2025-12-18 22:27:39] INFO  Hash is updated
[2025-12-18 22:27:39] DEBUG PUSH 0x604000000910 in "tokens"
[2025-12-18 22:27:39] INFO  Hash is updated
[2025-12-18 22:27:39] DEBUG PUSH 0x604000000950 in "tokens"
[2025-12-18 22:27:39] INFO  Hash is updated
[2025-12-18 22:27:39] DEBUG PUSH 0x6040000009d0 in "tokens"
[2025-12-18 22:27:39] INFO  Hash is updated
[2025-12-18 22:27:39] DEBUG PUSH 0x604000000a10 in "tokens"
[2025-12-18 22:27:39] INFO  Hash is updated
[2025-12-18 22:27:39] DEBUG PUSH 0x604000000a90 in "tokens"
[2025-12-18 22:27:39] INFO  Hash is updated
[2025-12-18 22:27:39] DEBUG PUSH 0x604000000ad0 in "tokens"
[2025-12-18 22:27:39] INFO  Hash is updated
[2025-12-18 22:27:39] DEBUG PUSH 0x604000000b10 in "tokens"
[2025-12-18 22:27:39] INFO  Hash is updated
[2025-12-18 22:27:39] DEBUG PUSH 0x604000000b50 in "tokens"
[2025-12-18 22:27:39] INFO  Hash is updated
[2025-12-18 22:27:39] INFO  Stack "tokens" is reallocated
[2025-12-18 22:27:39] INFO  Hash is updated
[2025-12-18 22:27:39] DEBUG PUSH 0x604000000b90 in "tokens"
[2025-12-18 22:27:39] INFO  Hash is updated
[2025-12-18 22:27:39] DEBUG PUSH 0x604000000bd0 in "tokens"
[2025-12-18 22:27:39] INFO  Hash is updated
[2025-12-18 22:27:39] DEBUG PUSH 0x604000000c10 in "tokens"
[2025-12-18 22:27:39] INFO  Hash is updated
[2025-12-18 22:27:39] DEBUG PUSH 0x604000000c50 in "tokens"
[2025-12-18 22:27:39] INFO  Hash is updated
[2025-12-18 22:27:39] DEBUG PUSH 0x604000000c90 in "tokens"
[2025-12-18 22:27:39] INFO  Hash is updated
[2025-12-18 22:27:39] DEBUG PUSH 0x604000000cd0 in "tokens"
[2025-12-18 22:27:39] INFO  Hash is updated
[2025-12-18 22:27:39] DEBUG PUSH 0x604000000d50 in "tokens"
[2025-12-18 22:27:39] INFO  Hash is updated
[2025-12-18 22:27:39] DEBUG PUSH 0x604000000d90 in "tokens"
[2025-12-18 22:27:39] INFO  Hash is updated
[2025-12-18 22:27:39] DEBUG PUSH 0x604000000dd0 in "tokens"
[2025-12-18 22:27:39] INFO  Hash is updated
[2025-12-18 22:27:39] DEBUG PUSH 0x604000000e10 in "tokens"
[2025-12-18 22:27:39] INFO  Hash is updated
[2025-12-18 22:27:39] DEBUG PUSH 0x604000000e90 in "tokens"
[2025-12-18 22:27:39] INFO  Hash is updated
[2025-12-18 22:27:39] DEBUG PUSH 0x604000000ed0 in "tokens"
[2025-12-18 22:27:39] INFO  Hash is updated
[2025-12-18 22:27:39] DEBUG PUSH 0x604000000f10 in "tokens"
[2025-12-18 22:27:39] INFO  Hash is updated
[2025-12-18 22:27:39] DEBUG PUSH 0x604000000f50 in "tokens"
[2025-12-18 22:27:39] INFO  Hash is updated
[2025-12-18 22:27:39] DEBUG PUSH 0x604000000fd0 in "tokens"
[2025-12-18 22:27:39] INFO  Hash is updated
[2025-12-18 22:27:39] DEBUG PUSH 0x604000001010 in "tokens"
[2025-12-18 22:27:39] INFO  Hash is updated
[2025-12-18 22:27:39] INFO  Stack "tokens" is reallocated
[2025-12-18 22:27:39] INFO  Hash is updated
[2025-12-18 22:27:39] DEBUG PUSH 0x604000001050 in "tokens"
[2025-12-18 22:27:39] INFO  Hash is updated
[2025-12-18 22:27:39] DEBUG PUSH 0x604000001090 in "tokens"
[2025-12-18 22:27:39] INFO  Hash is updated
[2025-12-18 22:27:39] DEBUG PUSH 0x6040000010d0 in "tokens"
[2025-12-18 22:27:39] INFO  Hash is updated
[2025-12-18 22:27:39] DEBUG PUSH 0x604000001110 in "tokens"
[2025-12-18 22:27:39] INFO  Hash is updated
[2025-12-18 22:27:39] DEBUG PUSH 0x604000001150 in "tokens"
[2025-12-18 22:27:39] INFO  Hash is updated
[2025-12-18 22:27:39] DEBUG PUSH 0x604000001190 in "tokens"
[2025-12-18 22:27:39] INFO  Hash is updated
[2025-12-18 22:27:39] DEBUG PUSH 0x604000001210 in "tokens"
[2025-12-18 22:27:39] INFO  Hash is updated
[2025-12-18 22:27:39] DEBUG PUSH 0x604000001250 in "tokens"
[2025-12-18 22:27:39] INFO  Hash is updated
[2025-12-18 22:27:39] DEBUG PUSH 0x604000001290 in "tokens"
[2025-12-18 22:27:39] INFO  Hash is updated
[2025-12-18 22:27:39] DEBUG PUSH 0x6040000012d0 in "tokens"
[2025-12-18 22:27:39] INFO  Hash is updated
[2025-12-18 22:27:39] DEBUG PUSH 0x604000001310 in "tokens"
[2025-12-18 22:27:39] INFO  Hash is updated
[2025-12-18 22:27:39] DEBUG PUSH 0x604000001350 in "tokens"
[2025-12-18 22:27:39] INFO  Hash is updated
[2025-12-18 22:27:39] DEBUG PUSH 0x604000001390 in "tokens"
[2025-12-18 22:27:39] INFO  Hash is updated
[2025-12-18 22:27:39] DEBUG PUSH 0x6040000013d0 in "tokens"
[2025-12-18 22:27:39] INFO  Hash is updated
[2025-12-18 22:27:39] DEBUG PUSH 0x604000001410 in "tokens"
[2025-12-18 22:27:39] INFO  Hash is updated
[2025-12-18 22:27:39] INFO  Lexer is created
[2025-12-18 22:27:39] DEBUG Created id for stack "name_tables"
[2025-12-18 22:27:39] INFO  Hash updated
[2025-12-18 22:27:39] INFO  Stack "name_tables" is created
[2025-12-18 22:27:39] DEBUG Created id for hash-table "global_table"
[2025-12-18 22:27:39] INFO  Hash-table "global_table" created
[2025-12-18 22:27:39] DEBUG PUSH 0x604000001450 in "name_tables"
[2025-12-18 22:27:39] INFO  Hash is updated
[2025-12-18 22:27:39] DEBUG Created id for stack "new_stk"
[2025-12-18 22:27:39] INFO  Hash updated
[2025-12-18 22:27:39] INFO  Stack "new_stk" is created
[2025-12-18 22:27:39] DEBUG PUSH 0x603000001d80 in "new_stk"
[2025-12-18 22:27:39] INFO  Hash is updated
[2025-12-18 22:27:39] DEBUG Created id for stack "new_stk"
[2025-12-18 22:27:39] INFO  Hash updated
[2025-12-18 22:27:39] INFO  Stack "new_stk" is created
[2025-12-18 22:27:39] DEBUG PUSH 0x603000001e40 in "new_stk"
[2025-12-18 22:27:39] INFO  Hash is updated
[2025-12-18 22:27:40] DEBUG Created id for stack "&stk_ret"
[2025-12-18 22:27:40] INFO  Hash updated
[2025-12-18 22:27:40] INFO  Stack "&stk_ret" is created
[2025-12-18 22:27:40] DEBUG Created id for stack "&stk_ids"
[2025-12-18 22:27:40] INFO  Hash updated
[2025-12-18 22:27:40] INFO  Stack "&stk_ids" is created
[2025-12-18 22:27:40] DEBUG PUSH 0x60400438d510 in "&stk_ret"
[2025-12-18 22:27:40] INFO  Hash is updated
[2025-12-18 22:27:40] DEBUG PUSH 0 in "&stk_ids"
[2025-12-18 22:27:40] INFO  Hash is updated
[2025-12-18 22:27:40] INFO  Hash is updated
[2025-12-18 22:27:40] DEBUG POP 0x60400438d510 from "&stk_ret"
[2025-12-18 22:27:40] INFO  Hash is updated
[2025-12-18 22:27:40] DEBUG POP 0 from "&stk_ids"
[2025-12-18 22:27:40] DEBUG PUSH 0x604000e94bd0 in "&stk_ret"
[2025-12-18 22:27:40] INFO  Hash is updated
[2025-12-18 22:27:40] DEBUG PUSH 1 in "&stk_ids"
[2025-12-18 22:27:40] INFO  Hash is updated
[2025-12-18 22:27:40] INFO  Stack "&stk_ret" is reallocated
[2025-12-18 22:27:40] INFO  Hash is updated
[2025-12-18 22:27:40] DEBUG PUSH 0x60400438d4d0 in "&stk_ret"
[2025-12-18 22:27:40] INFO  Hash is updated
[2025-12-18 22:27:40] INFO  Stack "&stk_ids" is reallocated
[2025-12-18 22:27:40] INFO  Hash is updated
[2025-12-18 22:27:40] DEBUG PUSH 2 in "&stk_ids"
[2025-12-18 22:27:40] INFO  Hash is updated
[2025-12-18 22:27:40] INFO  Hash is updated
[2025-12-18 22:27:40] DEBUG POP 0x60400438d4d0 from "&stk_ret"
[2025-12-18 22:27:40] INFO  Hash is updated
[2025-12-18 22:27:40] DEBUG POP 2 from "&stk_ids"
[2025-12-18 22:27:40] DEBUG PUSH 0x60400438d350 in "&stk_ret"
[2025-12-18 22:27:40] INFO  Hash is updated
[2025-12-18 22:27:40] DEBUG PUSH 3 in "&stk_ids"
[2025-12-18 22:27:40] INFO  Hash is updated
[2025-12-18 22:27:40] INFO  Stack "&stk_ret" is reallocated
[2025-12-18 22:27:40] INFO  Hash is updated
[2025-12-18 22:27:40] DEBUG PUSH 0x60400438d490 in "&stk_ret"
[2025-12-18 22:27:40] INFO  Hash is updated
[2025-12-18 22:27:40] INFO  Stack "&stk_ids" is reallocated
[2025-12-18 22:27:40] INFO  Hash is updated
[2025-12-18 22:27:40] DEBUG PUSH 4 in "&stk_ids"
[2025-12-18 22:27:40] INFO  Hash is updated
[2025-12-18 22:27:40] INFO  Hash is updated
[2025-12-18 22:27:40] DEBUG POP 0x60400438d490 from "&stk_ret"
[2025-12-18 22:27:40] INFO  Hash is updated
[2025-12-18 22:27:40] DEBUG POP 4 from "&stk_ids"
[2025-12-18 22:27:40] DEBUG PUSH 0x60400438d810 in "&stk_ret"
[2025-12-18 22:27:40] INFO  Hash is updated
[2025-12-18 22:27:40] DEBUG PUSH 5 in "&stk_ids"
[2025-12-18 22:27:40] INFO  Hash is updated
[2025-12-18 22:27:40] DEBUG PUSH 0x60400438d450 in "&stk_ret"
[2025-12-18 22:27:40] INFO  Hash is updated
[2025-12-18 22:27:40] DEBUG PUSH 6 in "&stk_ids"
[2025-12-18 22:27:40] INFO  Hash is updated
[2025-12-18 22:27:40] INFO  Hash is updated
[2025-12-18 22:27:40] DEBUG POP 0x60400438d450 from "&stk_ret"
[2025-12-18 22:27:40] INFO  Hash is updated
[2025-12-18 22:27:40] DEBUG POP 6 from "&stk_ids"
[2025-12-18 22:27:40] INFO  Hash is updated
[2025-12-18 22:27:40] DEBUG POP 0x60400438d810 from "&stk_ret"
[2025-12-18 22:27:40] INFO  Hash is updated
[2025-12-18 22:27:40] DEBUG POP 5 from "&stk_ids"
[2025-12-18 22:27:40] INFO  Hash is updated
[2025-12-18 22:27:40] DEBUG POP 0x60400438d350 from "&stk_ret"
[2025-12-18 22:27:40] INFO  Hash is updated
[2025-12-18 22:27:40] DEBUG POP 3 from "&stk_ids"
[2025-12-18 22:27:40] INFO  Hash is updated
[2025-12-18 22:27:40] DEBUG POP 0x604000e94bd0 from "&stk_ret"
[2025-12-18 22:27:40] INFO  Hash is updated
[2025-12-18 22:27:40] DEBUG POP 1 from "&stk_ids"
[2025-12-18 22:27:40] DEBUG PUSH 0x60400035b310 in "&stk_ret"
[2025-12-18 22:27:40] INFO  Hash is updated
[2025-12-18 22:27:40] DEBUG PUSH 7 in "&stk_ids"
[2025-12-18 22:27:40] INFO  Hash is updated
[2025-12-18 22:27:40] DEBUG PUSH 0x604000e94b90 in "&stk_ret"
[2025-12-18 22:27:40] INFO  Hash is updated
[2025-12-18 22:27:40] DEBUG PUSH 8 in "&stk_ids"
[2025-12-18 22:27:40] INFO  Hash is updated
[2025-12-18 22:27:40] INFO  Hash is updated
[2025-12-18 22:27:40] DEBUG POP 0x604000e94b90 from "&stk_ret"
[2025-12-18 22:27:40] INFO  Hash is updated
[2025-12-18 22:27:40] DEBUG POP 8 from "&stk_ids"
[2025-12-18 22:27:40] DEBUG PUSH 0x604000e94a10 in "&stk_ret"
[2025-12-18 22:27:40] INFO  Hash is updated
[2025-12-18 22:27:40] DEBUG PUSH 9 in "&stk_ids"
[2025-12-18 22:27:40] INFO  Hash is updated
[2025-12-18 22:27:40] DEBUG PUSH 0x604000e94b50 in "&stk_ret"
[2025-12-18 22:27:40] INFO  Hash is updated
[2025-12-18 22:27:40] DEBUG PUSH 10 in "&stk_ids"
[2025-12-18 22:27:40] INFO  Hash is updated
[2025-12-18 22:27:40] INFO  Hash is updated
[2025-12-18 22:27:40] DEBUG POP 0x604000e94b50 from "&stk_ret"
[2025-12-18 22:27:40] INFO  Hash is updated
[2025-12-18 22:27:40] DEBUG POP 10 from "&stk_ids"
[2025-12-18 22:27:40] DEBUG PUSH 0x60400438d7d0 in "&stk_ret"
[2025-12-18 22:27:40] INFO  Hash is updated
[2025-12-18 22:27:40] DEBUG PUSH 11 in "&stk_ids"
[2025-12-18 22:27:40] INFO  Hash is updated
[2025-12-18 22:27:40] DEBUG PUSH 0x604000e94b10 in "&stk_ret"
[2025-12-18 22:27:40] INFO  Hash is updated
[2025-12-18 22:27:40] DEBUG PUSH 12 in "&stk_ids"
[2025-12-18 22:27:40] INFO  Hash is updated
[2025-12-18 22:27:40] INFO  Hash is updated
[2025-12-18 22:27:40] DEBUG POP 0x604000e94b10 from "&stk_ret"
[2025-12-18 22:27:40] INFO  Hash is updated
[2025-12-18 22:27:40] DEBUG POP 12 from "&stk_ids"
[2025-12-18 22:27:40] INFO  Hash is updated
[2025-12-18 22:27:40] DEBUG POP 0x60400438d7d0 from "&stk_ret"
[2025-12-18 22:27:40] INFO  Hash is updated
[2025-12-18 22:27:40] DEBUG POP 11 from "&stk_ids"
[2025-12-18 22:27:40] INFO  Hash is updated
[2025-12-18 22:27:40] DEBUG POP 0x604000e94a10 from "&stk_ret"
[2025-12-18 22:27:40] INFO  Hash is updated
[2025-12-18 22:27:40] DEBUG POP 9 from "&stk_ids"
[2025-12-18 22:27:40] INFO  Hash is updated
[2025-12-18 22:27:40] DEBUG POP 0x60400035b310 from "&stk_ret"
[2025-12-18 22:27:40] INFO  Hash is updated
[2025-12-18 22:27:40] DEBUG POP 7 from "&stk_ids"
[2025-12-18 22:27:40] DEBUG PUSH 0x6040000d5cd0 in "&stk_ret"
[2025-12-18 22:27:40] INFO  Hash is updated
[2025-12-18 22:27:40] DEBUG PUSH 13 in "&stk_ids"
[2025-12-18 22:27:40] INFO  Hash is updated
[2025-12-18 22:27:40] DEBUG PUSH 0x60400035b2d0 in "&stk_ret"
[2025-12-18 22:27:40] INFO  Hash is updated
[2025-12-18 22:27:40] DEBUG PUSH 14 in "&stk_ids"
[2025-12-18 22:27:40] INFO  Hash is updated
[2025-12-18 22:27:40] INFO  Hash is updated
[2025-12-18 22:27:40] DEBUG POP 0x60400035b2d0 from "&stk_ret"
[2025-12-18 22:27:40] INFO  Hash is updated
[2025-12-18 22:27:40] DEBUG POP 14 from "&stk_ids"
[2025-12-18 22:27:40] DEBUG PUSH 0x60400035b150 in "&stk_ret"
[2025-12-18 22:27:40] INFO  Hash is updated
[2025-12-18 22:27:40] DEBUG PUSH 15 in "&stk_ids"
[2025-12-18 22:27:40] INFO  Hash is updated
[2025-12-18 22:27:40] DEBUG PUSH 0x60400035b290 in "&stk_ret"
[2025-12-18 22:27:40] INFO  Hash is updated
[2025-12-18 22:27:40] DEBUG PUSH 16 in "&stk_ids"
[2025-12-18 22:27:40] INFO  Hash is updated
[2025-12-18 22:27:40] INFO  Hash is updated
[2025-12-18 22:27:40] DEBUG POP 0x60400035b290 from "&stk_ret"
[2025-12-18 22:27:40] INFO  Hash is updated
[2025-12-18 22:27:40] DEBUG POP 16 from "&stk_ids"
[2025-12-18 22:27:40] DEBUG PUSH 0x60400438d790 in "&stk_ret"
[2025-12-18 22:27:40] INFO  Hash is updated
[2025-12-18 22:27:40] DEBUG PUSH 17 in "&stk_ids"
[2025-12-18 22:27:40] INFO  Hash is updated
[2025-12-18 22:27:40] DEBUG PUSH 0x60400035b250 in "&stk_ret"
[2025-12-18 22:27:40] INFO  Hash is updated
[2025-12-18 22:27:40] DEBUG PUSH 18 in "&stk_ids"
[2025-12-18 22:27:40] INFO  Hash is updated
[2025-12-18 22:27:40] INFO  Hash is updated
[2025-12-18 22:27:40] DEBUG POP 0x60400035b250 from "&stk_ret"
[2025-12-18 22:27:40] INFO  Hash is updated
[2025-12-18 22:27:40] DEBUG POP 18 from "&stk_ids"
[2025-12-18 22:27:40] INFO  Hash is updated
[2025-12-18 22:27:40] DEBUG POP 0x60400438d790 from "&stk_ret"
[2025-12-18 22:27:40] INFO  Hash is updated
[2025-12-18 22:27:40] DEBUG POP 17 from "&stk_ids"
[2025-12-18 22:27:40] INFO  Hash is updated
[2025-12-18 22:27:40] DEBUG POP 0x60400035b150 from "&stk_ret"
[2025-12-18 22:27:40] INFO  Hash is updated
[2025-12-18 22:27:40] DEBUG POP 15 from "&stk_ids"
[2025-12-18 22:27:40] INFO  Hash is updated
[2025-12-18 22:27:40] DEBUG POP 0x6040000d5cd0 from "&stk_ret"
[2025-12-18 22:27:40] INFO  Hash is updated
[2025-12-18 22:27:40] DEBUG POP 13 from "&stk_ids"
[2025-12-18 22:27:40] DEBUG PUSH 0x60400003a450 in "&stk_ret"
[2025-12-18 22:27:40] INFO  Hash is updated
[2025-12-18 22:27:40] DEBUG PUSH 19 in "&stk_ids"
[2025-12-18 22:27:40] INFO  Hash is updated
[2025-12-18 22:27:40] DEBUG PUSH 0x6040000d5c90 in "&stk_ret"
[2025-12-18 22:27:40] INFO  Hash is updated
[2025-12-18 22:27:40] DEBUG PUSH 20 in "&stk_ids"
[2025-12-18 22:27:40] INFO  Hash is updated
[2025-12-18 22:27:40] INFO  Hash is updated
[2025-12-18 22:27:40] DEBUG POP 0x6040000d5c90 from "&stk_ret"
[2025-12-18 22:27:40] INFO  Hash is updated
[2025-12-18 22:27:40] DEBUG POP 20 from "&stk_ids"
[2025-12-18 22:27:40] DEBUG PUSH 0x6040000d5b10 in "&stk_ret"
[2025-12-18 22:27:40] INFO  Hash is updated
[2025-12-18 22:27:40] DEBUG PUSH 21 in "&stk_ids"
[2025-12-18 22:27:40] INFO  Hash is updated
[2025-12-18 22:27:40] DEBUG PUSH 0x6040000d5c50 in "&stk_ret"
[2025-12-18 22:27:40] INFO  Hash is updated
[2025-12-18 22:27:40] DEBUG PUSH 22 in "&stk_ids"
[2025-12-18 22:27:40] INFO  Hash is updated
[2025-12-18 22:27:40] INFO  Hash is updated
[2025-12-18 22:27:40] DEBUG POP 0x6040000d5c50 from "&stk_ret"
[2025-12-18 22:27:40] INFO  Hash is updated
[2025-12-18 22:27:40] DEBUG POP 22 from "&stk_ids"
[2025-12-18 22:27:40] DEBUG PUSH 0x60400438d750 in "&stk_ret"
[2025-12-18 22:27:40] INFO  Hash is updated
[2025-12-18 22:27:40] DEBUG PUSH 23 in "&stk_ids"
[2025-12-18 22:27:40] INFO  Hash is updated
[2025-12-18 22:27:40] DEBUG PUSH 0x6040000d5c10 in "&stk_ret"
[2025-12-18 22:27:40] INFO  Hash is updated
[2025-12-18 22:27:40] DEBUG PUSH 24 in "&stk_ids"
[2025-12-18 22:27:40] INFO  Hash is updated
[2025-12-18 22:27:40] INFO  Hash is updated
[2025-12-18 22:27:40] DEBUG POP 0x6040000d5c10 from "&stk_ret"
[2025-12-18 22:27:40] INFO  Hash is updated
[2025-12-18 22:27:40] DEBUG POP 24 from "&stk_ids"
[2025-12-18 22:27:40] INFO  Hash is updated
[2025-12-18 22:27:40] DEBUG POP 0x60400438d750 from "&stk_ret"
[2025-12-18 22:27:40] INFO  Hash is updated
[2025-12-18 22:27:40] DEBUG POP 23 from "&stk_ids"
[2025-12-18 22:27:40] INFO  Hash is updated
[2025-12-18 22:27:40] DEBUG POP 0x6040000d5b10 from "&stk_ret"
[2025-12-18 22:27:40] INFO  Hash is updated
[2025-12-18 22:27:40] DEBUG POP 21 from "&stk_ids"
[2025-12-18 22:27:40] INFO  Hash is updated
[2025-12-18 22:27:40] DEBUG POP 0x60400003a450 from "&stk_ret"
[2025-12-18 22:27:40] INFO  Hash is updated
[2025-12-18 22:27:40] DEBUG POP 19 from "&stk_ids"
[2025-12-18 22:27:40] DEBUG PUSH 0x604000011c50 in "&stk_ret"
[2025-12-18 22:27:40] INFO  Hash is updated
[2025-12-18 22:27:40] DEBUG PUSH 25 in "&stk_ids"
[2025-12-18 22:27:40] INFO  Hash is updated
[2025-12-18 22:27:40] DEBUG PUSH 0x60400003a410 in "&stk_ret"
[2025-12-18 22:27:40] INFO  Hash is updated
[2025-12-18 22:27:40] DEBUG PUSH 26 in "&stk_ids"
[2025-12-18 22:27:40] INFO  Hash is updated
[2025-12-18 22:27:40] INFO  Hash is updated
[2025-12-18 22:27:40] DEBUG POP 0x60400003a410 from "&stk_ret"
[2025-12-18 22:27:40] INFO  Hash is updated
[2025-12-18 22:27:40] DEBUG POP 26 from "&stk_ids"
[2025-12-18 22:27:40] DEBUG PUSH 0x60400003a290 in "&stk_ret"
[2025-12-18 22:27:40] INFO  Hash is updated
[2025-12-18 22:27:40] DEBUG PUSH 27 in "&stk_ids"
[2025-12-18 22:27:40] INFO  Hash is updated
[2025-12-18 22:27:40] DEBUG PUSH 0x60400003a3d0 in "&stk_ret"
[2025-12-18 22:27:40] INFO  Hash is updated
[2025-12-18 22:27:40] DEBUG PUSH 28 in "&stk_ids"
[2025-12-18 22:27:40] INFO  Hash is updated
[2025-12-18 22:27:40] INFO  Hash is updated
[2025-12-18 22:27:40] DEBUG POP 0x60400003a3d0 from "&stk_ret"
[2025-12-18 22:27:40] INFO  Hash is updated
[2025-12-18 22:27:40] DEBUG POP 28 from "&stk_ids"
[2025-12-18 22:27:40] DEBUG PUSH 0x60400438d710 in "&stk_ret"
[2025-12-18 22:27:40] INFO  Hash is updated
[2025-12-18 22:27:40] DEBUG PUSH 29 in "&stk_ids"
[2025-12-18 22:27:40] INFO  Hash is updated
[2025-12-18 22:27:40] DEBUG PUSH 0x60400003a390 in "&stk_ret"
[2025-12-18 22:27:40] INFO  Hash is updated
[2025-12-18 22:27:40] DEBUG PUSH 30 in "&stk_ids"
[2025-12-18 22:27:40] INFO  Hash is updated
[2025-12-18 22:27:40] INFO  Hash is updated
[2025-12-18 22:27:40] DEBUG POP 0x60400003a390 from "&stk_ret"
[2025-12-18 22:27:40] INFO  Hash is updated
[2025-12-18 22:27:40] DEBUG POP 30 from "&stk_ids"
[2025-12-18 22:27:40] INFO  Hash is updated
[2025-12-18 22:27:40] DEBUG POP 0x60400438d710 from "&stk_ret"
[2025-12-18 22:27:40] INFO  Hash is updated
[2025-12-18 22:27:40] DEBUG POP 29 from "&stk_ids"
[2025-12-18 22:27:40] INFO  Hash is updated
[2025-12-18 22:27:40] DEBUG POP 0x60400003a290 from "&stk_ret"
[2025-12-18 22:27:40] INFO  Hash is updated
[2025-12-18 22:27:40] DEBUG POP 27 from "&stk_ids"
[2025-12-18 22:27:40] INFO  Hash is updated
[2025-12-18 22:27:40] DEBUG POP 0x604000011c50 from "&stk_ret"
[2025-12-18 22:27:40] INFO  Hash is updated
[2025-12-18 22:27:40] DEBUG POP 25 from "&stk_ids"
[2025-12-18 22:27:40] DEBUG PUSH 0x604000006810 in "&stk_ret"
[2025-12-18 22:27:40] INFO  Hash is updated
[2025-12-18 22:27:40] DEBUG PUSH 31 in "&stk_ids"
[2025-12-18 22:27:40] INFO  Hash is updated
[2025-12-18 22:27:40] DEBUG PUSH 0x604000011c10 in "&stk_ret"
[2025-12-18 22:27:40] INFO  Hash is updated
[2025-12-18 22:27:40] DEBUG PUSH 32 in "&stk_ids"
[2025-12-18 22:27:40] INFO  Hash is updated
[2025-12-18 22:27:40] INFO  Hash is updated
[2025-12-18 22:27:40] DEBUG POP 0x604000011c10 from "&stk_ret"
[2025-12-18 22:27:40] INFO  Hash is updated
[2025-12-18 22:27:40] DEBUG POP 32 from "&stk_ids"
[2025-12-18 22:27:40] DEBUG PUSH 0x604000011a90 in "&stk_ret"
[2025-12-18 22:27:40] INFO  Hash is updated
[2025-12-18 22:27:40] DEBUG PUSH 33 in "&stk_ids"
[2025-12-18 22:27:40] INFO  Hash is updated
[2025-12-18 22:27:40] DEBUG PUSH 0x604000011bd0 in "&stk_ret"
[2025-12-18 22:27:40] INFO  Hash is updated
[2025-12-18 22:27:40] DEBUG PUSH 34 in "&stk_ids"
[2025-12-18 22:27:40] INFO  Hash is updated
[2025-12-18 22:27:40] INFO  Hash is updated
[2025-12-18 22:27:40] DEBUG POP 0x604000011bd0 from "&stk_ret"
[2025-12-18 22:27:40] INFO  Hash is updated
[2025-12-18 22:27:40] DEBUG POP 34 from "&stk_ids"
[2025-12-18 22:27:40] DEBUG PUSH 0x60400438d6d0 in "&stk_ret"
[2025-12-18 22:27:40] INFO  Hash is updated
[2025-12-18 22:27:40] DEBUG PUSH 35 in "&stk_ids"
[2025-12-18 22:27:40] INFO  Hash is updated
[2025-12-18 22:27:40] DEBUG PUSH 0x604000011b90 in "&stk_ret"
[2025-12-18 22:27:40] INFO  Hash is updated
[2025-12-18 22:27:40] DEBUG PUSH 36 in "&stk_ids"
[2025-12-18 22:27:40] INFO  Hash is updated
[2025-12-18 22:27:40] INFO  Hash is updated
[2025-12-18 22:27:40] DEBUG POP 0x604000011b90 from "&stk_ret"
[2025-12-18 22:27:40] INFO  Hash is updated
[2025-12-18 22:27:40] DEBUG POP 36 from "&stk_ids"
[2025-12-18 22:27:40] INFO  Hash is updated
[2025-12-18 22:27:40] DEBUG POP 0x60400438d6d0 from "&stk_ret"
[2025-12-18 22:27:40] INFO  Hash is updated
[2025-12-18 22:27:40] DEBUG POP 35 from "&stk_ids"
[2025-12-18 22:27:40] INFO  Hash is updated
[2025-12-18 22:27:40] DEBUG POP 0x604000011a90 from "&stk_ret"
[2025-12-18 22:27:40] INFO  Hash is updated
[2025-12-18 22:27:40] DEBUG POP 33 from "&stk_ids"
[2025-12-18 22:27:40] INFO  Hash is updated
[2025-12-18 22:27:40] DEBUG POP 0x604000006810 from "&stk_ret"
[2025-12-18 22:27:40] INFO  Hash is updated
[2025-12-18 22:27:40] DEBUG POP 31 from "&stk_ids"
[2025-12-18 22:27:40] DEBUG PUSH 0x60400438d610 in "&stk_ret"
[2025-12-18 22:27:40] INFO  Hash is updated
[2025-12-18 22:27:40] DEBUG PUSH 37 in "&stk_ids"
[2025-12-18 22:27:40] INFO  Hash is updated
[2025-12-18 22:27:40] DEBUG PUSH 0x6040000067d0 in "&stk_ret"
[2025-12-18 22:27:40] INFO  Hash is updated
[2025-12-18 22:27:40] DEBUG PUSH 38 in "&stk_ids"
[2025-12-18 22:27:40] INFO  Hash is updated
[2025-12-18 22:27:40] INFO  Hash is updated
[2025-12-18 22:27:40] DEBUG POP 0x6040000067d0 from "&stk_ret"
[2025-12-18 22:27:40] INFO  Hash is updated
[2025-12-18 22:27:40] DEBUG POP 38 from "&stk_ids"
[2025-12-18 22:27:40] DEBUG PUSH 0x604000006650 in "&stk_ret"
[2025-12-18 22:27:40] INFO  Hash is updated
[2025-12-18 22:27:40] DEBUG PUSH 39 in "&stk_ids"
[2025-12-18 22:27:40] INFO  Hash is updated
[2025-12-18 22:27:40] DEBUG PUSH 0x60400438d690 in "&stk_ret"
[2025-12-18 22:27:40] INFO  Hash is updated
[2025-12-18 22:27:40] DEBUG PUSH 40 in "&stk_ids"
[2025-12-18 22:27:40] INFO  Hash is updated
[2025-12-18 22:27:40] INFO  Hash is updated
[2025-12-18 22:27:40] DEBUG POP 0x60400438d690 from "&stk_ret"
[2025-12-18 22:27:40] INFO  Hash is updated
[2025-12-18 22:27:40] DEBUG POP 40 from "&stk_ids"
[2025-12-18 22:27:40] INFO  Hash is updated
[2025-12-18 22:27:40] DEBUG POP 0x604000006650 from "&stk_ret"
[2025-12-18 22:27:40] INFO  Hash is updated
[2025-12-18 22:27:40] DEBUG POP 39 from "&stk_ids"
[2025-12-18 22:27:40] INFO  Hash is updated
[2025-12-18 22:27:40] DEBUG POP 0x60400438d610 from "&stk_ret"
[2025-12-18 22:27:40] INFO  Hash is updated
[2025-12-18 22:27:40] DEBUG POP 37 from "&stk_ids"
[2025-12-18 22:27:40] INFO  Stack "&stk_ret" is destroyed
[2025-12-18 22:27:40] INFO  Stack "&stk_ids" is destroyed
[2025-12-18 22:27:40] DEBUG Created id for stack "&stk_ret"
[2025-12-18 22:27:40] INFO  Hash updated
[2025-12-18 22:27:40] INFO  Stack "&stk_ret" is created
[2025-12-18 22:27:40] DEBUG Created id for stack "&stk_ids"
[2025-12-18 22:27:40] INFO  Hash updated
[2025-12-18 22:27:40] INFO  Stack "&stk_ids" is created
[2025-12-18 22:27:40] DEBUG PUSH 0x604000001810 in "&stk_ret"
[2025-12-18 22:27:40] INFO  Hash is updated
[2025-12-18 22:27:40] DEBUG PUSH 0 in "&stk_ids"
[2025-12-18 22:27:40] INFO  Hash is updated
[2025-12-18 22:27:40] INFO  Hash is updated
[2025-12-18 22:27:40] DEBUG POP 0x604000001810 from "&stk_ret"
[2025-12-18 22:27:40] INFO  Hash is updated
[2025-12-18 22:27:40] DEBUG POP 0 from "&stk_ids"
[2025-12-18 22:27:40] DEBUG PUSH 0x6040000015d0 in "&stk_ret"
[2025-12-18 22:27:40] INFO  Hash is updated
[2025-12-18 22:27:40] DEBUG PUSH 1 in "&stk_ids"
[2025-12-18 22:27:40] INFO  Hash is updated
[2025-12-18 22:27:40] INFO  Stack "&stk_ret" is reallocated
[2025-12-18 22:27:40] INFO  Hash is updated
[2025-12-18 22:27:40] DEBUG PUSH 0x6040000017d0 in "&stk_ret"
[2025-12-18 22:27:40] INFO  Hash is updated
[2025-12-18 22:27:40] INFO  Stack "&stk_ids" is reallocated
[2025-12-18 22:27:40] INFO  Hash is updated
[2025-12-18 22:27:40] DEBUG PUSH 2 in "&stk_ids"
[2025-12-18 22:27:40] INFO  Hash is updated
[2025-12-18 22:27:40] INFO  Hash is updated
[2025-12-18 22:27:40] DEBUG POP 0x6040000017d0 from "&stk_ret"
[2025-12-18 22:27:40] INFO  Hash is updated
[2025-12-18 22:27:40] DEBUG POP 2 from "&stk_ids"
[2025-12-18 22:27:40] DEBUG PUSH 0x604000001750 in "&stk_ret"
[2025-12-18 22:27:40] INFO  Hash is updated
[2025-12-18 22:27:40] DEBUG PUSH 3 in "&stk_ids"
[2025-12-18 22:27:40] INFO  Hash is updated
[2025-12-18 22:27:40] INFO  Stack "&stk_ret" is reallocated
[2025-12-18 22:27:40] INFO  Hash is updated
[2025-12-18 22:27:40] DEBUG PUSH 0x604000001790 in "&stk_ret"
[2025-12-18 22:27:40] INFO  Hash is updated
[2025-12-18 22:27:40] INFO  Stack "&stk_ids" is reallocated
[2025-12-18 22:27:40] INFO  Hash is updated
[2025-12-18 22:27:40] DEBUG PUSH 4 in "&stk_ids"
[2025-12-18 22:27:40] INFO  Hash is updated
[2025-12-18 22:27:40] INFO  Hash is updated
[2025-12-18 22:27:40] DEBUG POP 0x604000001790 from "&stk_ret"
[2025-12-18 22:27:40] INFO  Hash is updated
[2025-12-18 22:27:40] DEBUG POP 4 from "&stk_ids"
[2025-12-18 22:27:40] INFO  Hash is updated
[2025-12-18 22:27:40] DEBUG POP 0x604000001750 from "&stk_ret"
[2025-12-18 22:27:40] INFO  Hash is updated
[2025-12-18 22:27:40] DEBUG POP 3 from "&stk_ids"
[2025-12-18 22:27:40] DEBUG PUSH 0x604000001710 in "&stk_ret"
[2025-12-18 22:27:40] INFO  Hash is updated
[2025-12-18 22:27:40] DEBUG PUSH 5 in "&stk_ids"
[2025-12-18 22:27:40] INFO  Hash is updated
[2025-12-18 22:27:40] INFO  Hash is updated
[2025-12-18 22:27:40] DEBUG POP 0x604000001710 from "&stk_ret"
[2025-12-18 22:27:40] INFO  Hash is updated
[2025-12-18 22:27:40] DEBUG POP 5 from "&stk_ids"
[2025-12-18 22:27:40] DEBUG PUSH 0x604000001610 in "&stk_ret"
[2025-12-18 22:27:40] INFO  Hash is updated
[2025-12-18 22:27:40] DEBUG PUSH 6 in "&stk_ids"
[2025-12-18 22:27:40] INFO  Hash is updated
[2025-12-18 22:27:40] DEBUG PUSH 0x6040000016d0 in "&stk_ret"
[2025-12-18 22:27:40] INFO  Hash is updated
[2025-12-18 22:27:40] DEBUG PUSH 7 in "&stk_ids"
[2025-12-18 22:27:40] INFO  Hash is updated
[2025-12-18 22:27:40] INFO  Hash is updated
[2025-12-18 22:27:40] DEBUG POP 0x6040000016d0 from "&stk_ret"
[2025-12-18 22:27:40] INFO  Hash is updated
[2025-12-18 22:27:40] DEBUG POP 7 from "&stk_ids"
[2025-12-18 22:27:40] DEBUG PUSH 0x604000001650 in "&stk_ret"
[2025-12-18 22:27:40] INFO  Hash is updated
[2025-12-18 22:27:40] DEBUG PUSH 8 in "&stk_ids"
[2025-12-18 22:27:40] INFO  Hash is updated
[2025-12-18 22:27:40] DEBUG PUSH 0x604000001690 in "&stk_ret"
[2025-12-18 22:27:40] INFO  Hash is updated
[2025-12-18 22:27:40] DEBUG PUSH 9 in "&stk_ids"
[2025-12-18 22:27:40] INFO  Hash is updated
[2025-12-18 22:27:40] INFO  Hash is updated
[2025-12-18 22:27:40] DEBUG POP 0x604000001690 from "&stk_ret"
[2025-12-18 22:27:40] INFO  Hash is updated
[2025-12-18 22:27:40] DEBUG POP 9 from "&stk_ids"
[2025-12-18 22:27:40] INFO  Hash is updated
[2025-12-18 22:27:40] DEBUG POP 0x604000001650 from "&stk_ret"
[2025-12-18 22:27:40] INFO  Hash is updated
[2025-12-18 22:27:40] DEBUG POP 8 from "&stk_ids"
[2025-12-18 22:27:40] INFO  Hash is updated
[2025-12-18 22:27:40] DEBUG POP 0x604000001610 from "&stk_ret"
[2025-12-18 22:27:40] INFO  Hash is updated
[2025-12-18 22:27:40] DEBUG POP 6 from "&stk_ids"
[2025-12-18 22:27:40] INFO  Hash is updated
[2025-12-18 22:27:40] DEBUG POP 0x6040000015d0 from "&stk_ret"
[2025-12-18 22:27:40] INFO  Hash is updated
[2025-12-18 22:27:40] DEBUG POP 1 from "&stk_ids"
[2025-12-18 22:27:40] DEBUG PUSH 0x604000001590 in "&stk_ret"
[2025-12-18 22:27:40] INFO  Hash is updated
[2025-12-18 22:27:40] DEBUG PUSH 10 in "&stk_ids"
[2025-12-18 22:27:40] INFO  Hash is updated
[2025-12-18 22:27:40] INFO  Hash is updated
[2025-12-18 22:27:40] DEBUG POP 0x604000001590 from "&stk_ret"
[2025-12-18 22:27:40] INFO  Hash is updated
[2025-12-18 22:27:40] DEBUG POP 10 from "&stk_ids"
[2025-12-18 22:27:40] DEBUG PUSH 0x604000001510 in "&stk_ret"
[2025-12-18 22:27:40] INFO  Hash is updated
[2025-12-18 22:27:40] DEBUG PUSH 11 in "&stk_ids"
[2025-12-18 22:27:40] INFO  Hash is updated
[2025-12-18 22:27:40] DEBUG PUSH 0x604000001550 in "&stk_ret"
[2025-12-18 22:27:40] INFO  Hash is updated
[2025-12-18 22:27:40] DEBUG PUSH 12 in "&stk_ids"
[2025-12-18 22:27:40] INFO  Hash is updated
[2025-12-18 22:27:40] INFO  Hash is updated
[2025-12-18 22:27:40] DEBUG POP 0x604000001550 from "&stk_ret"
[2025-12-18 22:27:40] INFO  Hash is updated
[2025-12-18 22:27:40] DEBUG POP 12 from "&stk_ids"
[2025-12-18 22:27:40] INFO  Hash is updated
[2025-12-18 22:27:40] DEBUG POP 0x604000001510 from "&stk_ret"
[2025-12-18 22:27:40] INFO  Hash is updated
[2025-12-18 22:27:40] DEBUG POP 11 from "&stk_ids"
[2025-12-18 22:27:40] DEBUG PUSH 0x604000001490 in "&stk_ret"
[2025-12-18 22:27:40] INFO  Hash is updated
[2025-12-18 22:27:40] DEBUG PUSH 13 in "&stk_ids"
[2025-12-18 22:27:40] INFO  Hash is updated
[2025-12-18 22:27:40] DEBUG PUSH 0x6040000014d0 in "&stk_ret"
[2025-12-18 22:27:40] INFO  Hash is updated
[2025-12-18 22:27:40] DEBUG PUSH 14 in "&stk_ids"
[2025-12-18 22:27:40] INFO  Hash is updated
[2025-12-18 22:27:40] INFO  Hash is updated
[2025-12-18 22:27:40] DEBUG POP 0x6040000014d0 from "&stk_ret"
[2025-12-18 22:27:40] INFO  Hash is updated
[2025-12-18 22:27:40] DEBUG POP 14 from "&stk_ids"
[2025-12-18 22:27:40] INFO  Hash is updated
[2025-12-18 22:27:40] DEBUG POP 0x604000001490 from "&stk_ret"
[2025-12-18 22:27:40] INFO  Hash is updated
[2025-12-18 22:27:40] DEBUG POP 13 from "&stk_ids"
[2025-12-18 22:27:40] INFO  Stack "&stk_ret" is destroyed
[2025-12-18 22:27:40] INFO  Stack "&stk_ids" is destroyed
